<?xml version="1.0" encoding="UTF-8"?>
<testsuite xmlns:xsi="http://www.w3.org/2001/XMLSchema-instance" xsi:noNamespaceSchemaLocation="https://maven.apache.org/surefire/maven-surefire-plugin/xsd/surefire-test-report-3.0.xsd" version="3.0" name="com.example.CalculatorTest" time="0.055" tests="5" errors="0" skipped="0" failures="0">
  <properties>
[...]
</properties>
  <testcase name="twoPowerThree" classname="com.example.CalculatorTest" time="0.025"/>
  <testcase name="twoByFive" classname="com.example.CalculatorTest" time="0.001"/>
  <testcase name="twoPlusTwo" classname="com.example.CalculatorTest" time="0.001"/>
  <testcase name="tenDividedByTwo" classname="com.example.CalculatorTest" time="0.001"/>
  <testcase name="twoMinusTwo" classname="com.example.CalculatorTest" time="0.001"/>
</testsuite>